#
# There is insufficient memory for the Java Runtime Environment to continue.
# Native memory allocation (mmap) failed to map 134217728 bytes for Failed to commit area from 0x0000000081c00000 to 0x0000000089c00000 of length 134217728.
# Possible reasons:
#   The system is out of physical RAM or swap space
#   The process is running with CompressedOops enabled, and the Java Heap may be blocking the growth of the native heap
# Possible solutions:
#   Reduce memory load on the system
#   Increase physical memory or swap space
#   Check if swap backing store is full
#   Decrease Java heap size (-Xmx/-Xms)
#   Decrease number of Java threads
#   Decrease Java thread stack sizes (-Xss)
#   Set larger code cache with -XX:ReservedCodeCacheSize=
# This output file may be truncated or incomplete.
#
#  Out of Memory Error (t:/workspace/hotspot/src/os/windows/vm/os_windows.cpp:3357), pid=28228, tid=27748
#
# JRE version:  (9.0+11) (build )
# Java VM: Java HotSpot(TM) 64-Bit Server VM (9.0.1+11, mixed mode, tiered, compressed oops, g1 gc, windows-amd64)
# No core dump will be written. Minidumps are not enabled by default on client versions of Windows
#

---------------  S U M M A R Y ------------

Command Line: -Dfile.encoding=MS949 Main_Class

Host: Intel(R) Core(TM) i5-7200U CPU @ 2.50GHz, 4 cores, 7G,  Windows 10 , 64 bit Build 16299 (10.0.16299.15)
Time: Sat Dec 02 14:54:29 2017 ¢¥eCN©öI¡¾©ö C¡ÍA¨ª¨öA elapsed time: 0 seconds (0d 0h 0m 0s)

---------------  T H R E A D  ---------------

Current thread (0x000001d54959e000):  JavaThread "Unknown thread" [_thread_in_vm, id=27748, stack(0x00000099ed600000,0x00000099ed700000)]

Stack: [0x00000099ed600000,0x00000099ed700000]
Native frames: (J=compiled Java code, j=interpreted, Vv=VM code, C=native code)
V  [jvm.dll+0x5870b8]
V  [jvm.dll+0x69c0ee]
V  [jvm.dll+0x69d00a]
V  [jvm.dll+0x69d643]
V  [jvm.dll+0x21d148]
V  [jvm.dll+0x584bf4]
V  [jvm.dll+0x57a005]
V  [jvm.dll+0x2cd46b]
V  [jvm.dll+0x2cd3d3]
V  [jvm.dll+0x2cd2a2]
V  [jvm.dll+0x2cf2a3]
V  [jvm.dll+0x319203]
V  [jvm.dll+0x319916]
V  [jvm.dll+0x319303]
V  [jvm.dll+0x2adbf8]
V  [jvm.dll+0x2aee37]
V  [jvm.dll+0x67b1ed]
V  [jvm.dll+0x67c5ac]
V  [jvm.dll+0x3269c9]
V  [jvm.dll+0x6653ee]
V  [jvm.dll+0x391931]
V  [jvm.dll+0x3938e1]
C  [javaw.exe+0x3501]
C  [javaw.exe+0xe25f]
C  [javaw.exe+0xe406]
C  [KERNEL32.DLL+0x11fe4]
C  [ntdll.dll+0x6ef91]


---------------  P R O C E S S  ---------------

Java Threads: ( => current thread )

Other Threads:
  0x000001d5495b4000 GCTaskThread "GC Thread#0" [stack: 0x00000099ed700000,0x00000099ed800000] [id=30272]
  0x000001d5495b5800 GCTaskThread "GC Thread#1" [stack: 0x00000099ed800000,0x00000099ed900000] [id=30516]
  0x000001d5495b8000 GCTaskThread "GC Thread#2" [stack: 0x00000099ed900000,0x00000099eda00000] [id=29412]
  0x000001d5495bb000 GCTaskThread "GC Thread#3" [stack: 0x00000099eda00000,0x00000099edb00000] [id=29512]
  0x000001d54963e800 ConcurrentGCThread "G1 Main Marker" [stack: 0x00000099ee000000,0x00000099ee100000] [id=28180]
  0x000001d549642800 ConcurrentGCThread "G1 Marker#0" [stack: 0x00000099ee100000,0x00000099ee200000] [id=28760]
  0x000001d5495c6000 ConcurrentGCThread "G1 Refine#0" [stack: 0x00000099ede00000,0x00000099edf00000] [id=27732]
  0x000001d5495c7800 ConcurrentGCThread "G1 Refine#1" [stack: 0x00000099edd00000,0x00000099ede00000] [id=29892]
  0x000001d5495cc000 ConcurrentGCThread "G1 Refine#2" [stack: 0x00000099edc00000,0x00000099edd00000] [id=18644]
  0x000001d5495bd800 ConcurrentGCThread "G1 Refine#3" [stack: 0x00000099edb00000,0x00000099edc00000] [id=29540]
  0x000001d5495d7000 ConcurrentGCThread "G1 Young RemSet Sampling" [stack: 0x00000099edf00000,0x00000099ee000000] [id=25700]

=>0x000001d54959e000 (exited) JavaThread "Unknown thread" [_thread_in_vm, id=27748, stack(0x00000099ed600000,0x00000099ed700000)]

Threads with active compile tasks:

VM state:not at safepoint (not fully initialized)

VM Mutex/Monitor currently owned by a thread:  ([mutex/lock_event])
[0x000001d54959ca50] Heap_lock - owner thread: 0x000001d54959e000

Heap address: 0x0000000081c00000, size: 2020 MB, Compressed Oops mode: Non-zero based: 0x0000000081c00000
Narrow klass base: 0x0000000000000000, Narrow klass shift: 0

GC Heap History (0 events):
No events

Deoptimization events (0 events):
No events

Classes redefined (0 events):
No events

Internal exceptions (0 events):
No events

Events (0 events):
No events


Dynamic libraries:
0x00007ff67bf80000 - 0x00007ff67bfbe000 	C:\Program Files\Java\jdk-9.0.1\bin\javaw.exe
0x00007ff919970000 - 0x00007ff919b50000 	C:\WINDOWS\SYSTEM32\ntdll.dll
0x00007ff917290000 - 0x00007ff91733e000 	C:\WINDOWS\System32\KERNEL32.DLL
0x00007ff916790000 - 0x00007ff9169f6000 	C:\WINDOWS\System32\KERNELBASE.dll
0x00007ff919890000 - 0x00007ff919931000 	C:\WINDOWS\System32\ADVAPI32.dll
0x00007ff9177e0000 - 0x00007ff91787d000 	C:\WINDOWS\System32\msvcrt.dll
0x00007ff918e30000 - 0x00007ff918e8b000 	C:\WINDOWS\System32\sechost.dll
0x00007ff916f20000 - 0x00007ff91703f000 	C:\WINDOWS\System32\RPCRT4.dll
0x00007ff9170c0000 - 0x00007ff91724f000 	C:\WINDOWS\System32\USER32.dll
0x00007ff916e20000 - 0x00007ff916e40000 	C:\WINDOWS\System32\win32u.dll
0x00007ff917740000 - 0x00007ff917768000 	C:\WINDOWS\System32\GDI32.dll
0x00007ff915dc0000 - 0x00007ff915f54000 	C:\WINDOWS\System32\gdi32full.dll
0x00007ff916a00000 - 0x00007ff916a9b000 	C:\WINDOWS\System32\msvcp_win.dll
0x00007ff916d20000 - 0x00007ff916e16000 	C:\WINDOWS\System32\ucrtbase.dll
0x00007ff9062d0000 - 0x00007ff9062da000 	C:\WINDOWS\SYSTEM32\VERSION.dll
0x00007ff9076b0000 - 0x00007ff907919000 	C:\WINDOWS\WinSxS\amd64_microsoft.windows.common-controls_6595b64144ccf1df_6.0.16299.64_none_cc9304e22215ca8f\COMCTL32.dll
0x00007ff917400000 - 0x00007ff917708000 	C:\WINDOWS\System32\combase.dll
0x00007ff9166b0000 - 0x00007ff916722000 	C:\WINDOWS\System32\bcryptPrimitives.dll
0x00007ff917710000 - 0x00007ff91773d000 	C:\WINDOWS\System32\IMM32.DLL
0x00007ff8edc00000 - 0x00007ff8edcef000 	C:\Program Files\Java\jdk-9.0.1\bin\msvcr120.dll
0x00007ff8eade0000 - 0x00007ff8eae86000 	C:\Program Files\Java\jdk-9.0.1\bin\msvcp120.dll
0x000000005a3a0000 - 0x000000005adc4000 	C:\Program Files\Java\jdk-9.0.1\bin\server\jvm.dll
0x00007ff916f10000 - 0x00007ff916f18000 	C:\WINDOWS\System32\PSAPI.DLL
0x00007ff911ec0000 - 0x00007ff911ee3000 	C:\WINDOWS\SYSTEM32\WINMM.dll
0x00007ff914840000 - 0x00007ff914849000 	C:\WINDOWS\SYSTEM32\WSOCK32.dll
0x00007ff917770000 - 0x00007ff9177dc000 	C:\WINDOWS\System32\WS2_32.dll
0x00007ff911de0000 - 0x00007ff911e0a000 	C:\WINDOWS\SYSTEM32\WINMMBASE.dll
0x00007ff915d70000 - 0x00007ff915dba000 	C:\WINDOWS\System32\cfgmgr32.dll
0x00007ff909ac0000 - 0x00007ff909acf000 	C:\Program Files\Java\jdk-9.0.1\bin\verify.dll
0x00007ff8f2ba0000 - 0x00007ff8f2bc7000 	C:\Program Files\Java\jdk-9.0.1\bin\java.dll
0x00007ff8fe9b0000 - 0x00007ff8fe9c6000 	C:\Program Files\Java\jdk-9.0.1\bin\zip.dll
0x00007ff903bd0000 - 0x00007ff903bda000 	C:\Program Files\Java\jdk-9.0.1\bin\jimage.dll
0x00007ff914650000 - 0x00007ff914818000 	C:\WINDOWS\SYSTEM32\dbghelp.dll

VM Arguments:
jvm_args: -Dfile.encoding=MS949 
java_command: Main_Class
java_class_path (initial): C:\Users\ASUS\eclipse-workspace\Real_operation\bin
Launcher Type: SUN_STANDARD

Logging:
Log output configuration:
#0: stdout all=warning uptime,level,tags
#1: stderr all=off uptime,level,tags

Environment Variables:
JAVA_HOME=C:\Program Files\Java\jdk-9.0.1
CLASSPATH=C:\Program Files\Java\jdk-9.0.1lib\tools.jar
PATH=C:/Program Files/Java/jdk-9.0.1/bin/server;C:/Program Files/Java/jdk-9.0.1/bin;C:\Program Files\Java\jdk-9.0.1\bin;C:\ProgramData\Oracle\Java\javapath;C:\Program Files (x86)\Intel\iCLS Client\;C:\Program Files\Intel\iCLS Client\;C:\WINDOWS\system32;C:\WINDOWS;C:\WINDOWS\System32\Wbem;C:\WINDOWS\System32\WindowsPowerShell\v1.0\;C:\Program Files (x86)\Intel\Intel(R) Management Engine Components\DAL;C:\Program Files\Intel\Intel(R) Management Engine Components\DAL;C:\Program Files (x86)\Intel\Intel(R) Management Engine Components\IPT;C:\Program Files\Intel\Intel(R) Management Engine Components\IPT;C:\Program Files\Intel\WiFi\bin\;C:\Program Files\Common Files\Intel\WirelessCommon\;C:\Program Files\Git\cmd;C:\Users\ASUS\AppData\Local\Microsoft\WindowsApps;;C:\Users\ASUS\eclipse\java-oxygen\eclipse;
USERNAME=ASUS
OS=Windows_NT
PROCESSOR_IDENTIFIER=Intel64 Family 6 Model 142 Stepping 9, GenuineIntel



---------------  S Y S T E M  ---------------

OS: Windows 10 , 64 bit Build 16299 (10.0.16299.15)

CPU:total 4 (initial active 4) (2 cores per cpu, 2 threads per core) family 6 model 142 stepping 9, cmov, cx8, fxsr, mmx, sse, sse2, sse3, ssse3, sse4.1, sse4.2, popcnt, avx, avx2, aes, clmul, erms, 3dnowpref, lzcnt, ht, tsc, tscinvbit, bmi1, bmi2, adx, fma

Memory: 4k page, physical 8270172k(2178880k free), swap 33435996k(59604k free)

vm_info: Java HotSpot(TM) 64-Bit Server VM (9.0.1+11) for windows-amd64 JRE (9.0.1+11), built on Sep 28 2017 04:54:03 by "mach5one" with MS VC++ 12.0 (VS2013)

END.
